<?xml version="1.0" encoding="UTF-8"?>
<!-- Generated by org.testng.reporters.JUnitReportReporter -->
<testsuite hostname="DESKTOP-2L5L3R1" failures="0" tests="3" name="practiceScripts.CustomerTest" time="0.020" errors="0" timestamp="2021-11-25T17:58:53 IST" skipped="0">
  <testcase classname="practiceScripts.CustomerTest" name="deleteCustomer" time="0.003"/>
  <system-out/>
  <testcase classname="practiceScripts.CustomerTest" name="createCustomer" time="0.014"/>
  <system-out/>
  <testcase classname="practiceScripts.CustomerTest" name="modifyCustomer" time="0.003"/>
  <system-out/>
</testsuite> <!-- practiceScripts.CustomerTest -->
