<?xml version="1.0" encoding="UTF-8"?>
<!-- Generated by org.testng.reporters.JUnitReportReporter -->
<testsuite hostname="DESKTOP-2L5L3R1" failures="0" tests="1" name="practiceScripts.fire" time="10.171" errors="0" timestamp="2021-12-07T17:12:57 IST" skipped="0">
  <testcase classname="practiceScripts.fire" name="firre" time="10.171"/>
  <system-out/>
</testsuite> <!-- practiceScripts.fire -->
