<?xml version="1.0" encoding="UTF-8"?>
<!-- Generated by org.testng.reporters.JUnitReportReporter -->
<testsuite hostname="DESKTOP-2L5L3R1" failures="0" tests="3" name="practiceScripts.PriorityTest$CustomerTest" time="0.022" errors="0" timestamp="2021-11-25T18:07:05 IST" skipped="0">
  <testcase classname="practiceScripts.PriorityTest$CustomerTest" name="createCustomer" time="0.014"/>
  <system-out/>
  <testcase classname="practiceScripts.PriorityTest$CustomerTest" name="modifyCustomer" time="0.002"/>
  <system-out/>
  <testcase classname="practiceScripts.PriorityTest$CustomerTest" name="deleteCustomer" time="0.006"/>
  <system-out/>
</testsuite> <!-- practiceScripts.PriorityTest$CustomerTest -->
